./gradlew spotbugsMain
To honour the JVM settings for this build a single-use Daemon process will be forked. See https://docs.gradle.org/7.6.1/userguide/gradle_daemon.html#sec:disabling_the_daemon.
Daemon will be stopped at the end of the build
[versioning] WARNING - the working copy has unstaged or uncommitted changes.

> Task :riot-core:compileJava
warning: unknown enum constant When.MAYBE
  reason: class file for javax.annotation.meta.When not found
1 warning

> Task :riot:spotbugsMain
SLF4J: Failed to load class "org.slf4j.impl.StaticLoggerBinder".
SLF4J: Defaulting to no-operation (NOP) logger implementation
SLF4J: See http://www.slf4j.org/codes.html#StaticLoggerBinder for further details.
M V EI2: com.redis.riot.cli.common.FakerImportOptions.setFields(Map) may expose internal representation by storing an externally mutable object into FakerImportOptions.fields  At FakerImportOptions.java:[line 57]
M V EI: com.redis.riot.cli.common.FakerImportOptions.getFields() may expose internal representation by returning FakerImportOptions.fields  At FakerImportOptions.java:[line 52]
M V EI2: com.redis.riot.cli.common.DbExportOptions.setDataSourceOptions(DataSourceOptions) may expose internal representation by storing an externally mutable object into DbExportOptions.dataSourceOptions  At DbExportOptions.java:[line 23]
M V EI: com.redis.riot.cli.common.DbExportOptions.getDataSourceOptions() may expose internal representation by returning DbExportOptions.dataSourceOptions  At DbExportOptions.java:[line 19]
M V EI: com.redis.riot.cli.common.PingOptions.getPercentiles() may expose internal representation by returning PingOptions.percentiles  At PingOptions.java:[line 78]
M V EI2: com.redis.riot.cli.common.PingOptions.setPercentiles(Set) may expose internal representation by storing an externally mutable object into PingOptions.percentiles  At PingOptions.java:[line 86]
M V EI: com.redis.riot.cli.common.RedisReaderOptions.getKeyExcludes() may expose internal representation by returning RedisReaderOptions.keyExcludes  At RedisReaderOptions.java:[line 93]
M V EI2: com.redis.riot.cli.common.RedisReaderOptions.setKeySlots(List) may expose internal representation by storing an externally mutable object into RedisReaderOptions.keySlots  At RedisReaderOptions.java:[line 81]
M V EI2: com.redis.riot.cli.common.RedisReaderOptions.setKeyExcludes(List) may expose internal representation by storing an externally mutable object into RedisReaderOptions.keyExcludes  At RedisReaderOptions.java:[line 97]
M V EI: com.redis.riot.cli.common.RedisReaderOptions.getKeyIncludes() may expose internal representation by returning RedisReaderOptions.keyIncludes  At RedisReaderOptions.java:[line 85]
M V EI: com.redis.riot.cli.common.RedisReaderOptions.getKeySlots() may expose internal representation by returning RedisReaderOptions.keySlots  At RedisReaderOptions.java:[line 77]
M V EI2: com.redis.riot.cli.common.RedisReaderOptions.setKeyIncludes(List) may expose internal representation by storing an externally mutable object into RedisReaderOptions.keyIncludes  At RedisReaderOptions.java:[line 89]
M V EI: com.redis.riot.cli.file.FlatFileOptions.getColumnRanges() may expose internal representation by returning FlatFileOptions.columnRanges  At FlatFileOptions.java:[line 112]
M V EI: com.redis.riot.cli.file.FlatFileOptions.getFields() may expose internal representation by returning FlatFileOptions.fields  At FlatFileOptions.java:[line 64]
M V EI: com.redis.riot.cli.file.FlatFileOptions.getIncludedFields() may expose internal representation by returning FlatFileOptions.includedFields  At FlatFileOptions.java:[line 104]
M V EI2: com.redis.riot.cli.common.RedisOptions.setTruststorePassword(char[]) may expose internal representation by storing an externally mutable object into RedisOptions.truststorePassword  At RedisOptions.java:[line 157]
M V EI2: com.redis.riot.cli.common.RedisOptions.setPassword(char[]) may expose internal representation by storing an externally mutable object into RedisOptions.password  At RedisOptions.java:[line 121]
M V EI2: com.redis.riot.cli.common.RedisOptions.setUri(RedisURI) may expose internal representation by storing an externally mutable object into RedisOptions.uri  At RedisOptions.java:[line 125]
M V EI2: com.redis.riot.cli.common.RedisOptions.setKeystorePassword(char[]) may expose internal representation by storing an externally mutable object into RedisOptions.keystorePassword  At RedisOptions.java:[line 149]
M V EI: com.redis.riot.cli.common.RedisOptions.getKeystorePassword() may expose internal representation by returning RedisOptions.keystorePassword  At RedisOptions.java:[line 209]
M V EI: com.redis.riot.cli.common.RedisOptions.getTruststorePassword() may expose internal representation by returning RedisOptions.truststorePassword  At RedisOptions.java:[line 221]
M V EI: com.redis.riot.cli.common.RedisOptions.getUri() may expose internal representation by returning RedisOptions.uri  At RedisOptions.java:[line 261]
M V EI: com.redis.riot.cli.common.RedisOptions.getPassword() may expose internal representation by returning RedisOptions.password  At RedisOptions.java:[line 257]
M V EI2: com.redis.riot.cli.common.RedisOptions.setKeyPassword(char[]) may expose internal representation by storing an externally mutable object into RedisOptions.keyPassword  At RedisOptions.java:[line 197]
M V EI: com.redis.riot.cli.common.RedisOptions.getKeyPassword() may expose internal representation by returning RedisOptions.keyPassword  At RedisOptions.java:[line 193]
M V EI2: com.redis.riot.cli.operation.FilteringOptions.setExcludes(String[]) may expose internal representation by storing an externally mutable object into FilteringOptions.excludes  At FilteringOptions.java:[line 59]
M V EI2: com.redis.riot.cli.operation.FilteringOptions.setIncludes(String[]) may expose internal representation by storing an externally mutable object into FilteringOptions.includes  At FilteringOptions.java:[line 51]
M V EI: com.redis.riot.cli.operation.FilteringOptions.getExcludes() may expose internal representation by returning FilteringOptions.excludes  At FilteringOptions.java:[line 55]
M V EI: com.redis.riot.cli.operation.FilteringOptions.getIncludes() may expose internal representation by returning FilteringOptions.includes  At FilteringOptions.java:[line 41]
M V EI2: com.redis.riot.cli.common.MapProcessorOptions.setVariables(Map) may expose internal representation by storing an externally mutable object into MapProcessorOptions.variables  At MapProcessorOptions.java:[line 42]
M V EI2: com.redis.riot.cli.common.MapProcessorOptions.setSpelFields(Map) may expose internal representation by storing an externally mutable object into MapProcessorOptions.spelFields  At MapProcessorOptions.java:[line 34]
M V EI: com.redis.riot.cli.common.MapProcessorOptions.getSpelFields() may expose internal representation by returning MapProcessorOptions.spelFields  At MapProcessorOptions.java:[line 26]
M V EI: com.redis.riot.cli.common.MapProcessorOptions.getVariables() may expose internal representation by returning MapProcessorOptions.variables  At MapProcessorOptions.java:[line 38]
M V EI: com.redis.riot.cli.common.MapProcessorOptions.getFilters() may expose internal representation by returning MapProcessorOptions.filters  At MapProcessorOptions.java:[line 54]
M V EI: com.redis.riot.cli.common.MapProcessorOptions.getRegexes() may expose internal representation by returning MapProcessorOptions.regexes  At MapProcessorOptions.java:[line 62]
M V EI2: com.redis.riot.cli.common.MapProcessorOptions.setRegexes(Map) may expose internal representation by storing an externally mutable object into MapProcessorOptions.regexes  At MapProcessorOptions.java:[line 66]
M V EI2: com.redis.riot.cli.common.MapProcessorOptions.setFilters(String[]) may expose internal representation by storing an externally mutable object into MapProcessorOptions.filters  At MapProcessorOptions.java:[line 58]
M V EI: com.redis.riot.cli.operation.CollectionOptions.getMemberFields() may expose internal representation by returning CollectionOptions.memberFields  At CollectionOptions.java:[line 17]
M V EI: com.redis.riot.cli.common.CommandContext.getRedisClient() may expose internal representation by returning CommandContext.redisClient  At CommandContext.java:[line 17]
M V EI2: new com.redis.riot.cli.common.CommandContext(RedisURI, AbstractRedisClient) may expose internal representation by storing an externally mutable object into CommandContext.redisURI  At CommandContext.java:[line 12]
M V EI2: new com.redis.riot.cli.common.CommandContext(RedisURI, AbstractRedisClient) may expose internal representation by storing an externally mutable object into CommandContext.redisClient  At CommandContext.java:[line 13]
M V EI: com.redis.riot.cli.common.CommandContext.getRedisURI() may expose internal representation by returning CommandContext.redisURI  At CommandContext.java:[line 21]
M V EI: com.redis.riot.cli.Ping.getPingOptions() may expose internal representation by returning Ping.pingOptions  At Ping.java:[line 37]
M V EI2: com.redis.riot.cli.Ping.setPingOptions(PingOptions) may expose internal representation by storing an externally mutable object into Ping.pingOptions  At Ping.java:[line 41]
M V EI2: com.redis.riot.cli.common.AbstractImportCommand.setWriterOptions(RedisWriterOptions) may expose internal representation by storing an externally mutable object into AbstractImportCommand.writerOptions  At AbstractImportCommand.java:[line 17]
M V EI: com.redis.riot.cli.common.AbstractImportCommand.getWriterOptions() may expose internal representation by returning AbstractImportCommand.writerOptions  At AbstractImportCommand.java:[line 13]
M V EI: com.redis.riot.cli.operation.XaddOptions.getFilteringOptions() may expose internal representation by returning XaddOptions.filteringOptions  At XaddOptions.java:[line 20]
M V EI2: com.redis.riot.cli.operation.XaddOptions.setFilteringOptions(FilteringOptions) may expose internal representation by storing an externally mutable object into XaddOptions.filteringOptions  At XaddOptions.java:[line 24]
M V EI: com.redis.riot.cli.operation.KeyOptions.getKeys() may expose internal representation by returning KeyOptions.keys  At KeyOptions.java:[line 16]
M V EI2: com.redis.riot.cli.operation.KeyOptions.setKeys(String[]) may expose internal representation by storing an externally mutable object into KeyOptions.keys  At KeyOptions.java:[line 20]
M V EI2: com.redis.riot.cli.file.FileOptions$Builder.s3(S3Options) may expose internal representation by storing an externally mutable object into FileOptions$Builder.s3  At FileOptions.java:[line 152]
M V EI2: com.redis.riot.cli.file.FileOptions$Builder.gcs(GcsOptions) may expose internal representation by storing an externally mutable object into FileOptions$Builder.gcs  At FileOptions.java:[line 158]
M V EI2: com.redis.riot.cli.FileImport$Builder.fileOptions(FileOptions) may expose internal representation by storing an externally mutable object into FileImport$Builder.fileOptions  At FileImport.java:[line 291]
M V EI2: com.redis.riot.cli.FileImport$Builder.flatFileOptions(FlatFileOptions) may expose internal representation by storing an externally mutable object into FileImport$Builder.flatFileOptions  At FileImport.java:[line 285]
M V EI2: com.redis.riot.cli.common.DbImportOptions.setDataSourceOptions(DataSourceOptions) may expose internal representation by storing an externally mutable object into DbImportOptions.dataSourceOptions  At DbImportOptions.java:[line 58]
M V EI: com.redis.riot.cli.common.DbImportOptions.getDataSourceOptions() may expose internal representation by returning DbImportOptions.dataSourceOptions  At DbImportOptions.java:[line 30]
M V EI2: com.redis.riot.cli.operation.EvalOptions.setArgs(String[]) may expose internal representation by storing an externally mutable object into EvalOptions.args  At EvalOptions.java:[line 45]
M V EI2: com.redis.riot.cli.operation.EvalOptions.setKeys(String[]) may expose internal representation by storing an externally mutable object into EvalOptions.keys  At EvalOptions.java:[line 37]
M V EI: com.redis.riot.cli.operation.EvalOptions.getArgs() may expose internal representation by returning EvalOptions.args  At EvalOptions.java:[line 41]
M V EI: com.redis.riot.cli.operation.EvalOptions.getKeys() may expose internal representation by returning EvalOptions.keys  At EvalOptions.java:[line 33]
M V EI: com.redis.riot.cli.common.ReplicateCommandContext.getTargetRedisURI() may expose internal representation by returning ReplicateCommandContext.targetRedisURI  At ReplicateCommandContext.java:[line 30]
M V EI2: new com.redis.riot.cli.common.ReplicateCommandContext(RedisURI, AbstractRedisClient, RedisURI, AbstractRedisClient) may expose internal representation by storing an externally mutable object into ReplicateCommandContext.targetRedisURI  At ReplicateCommandContext.java:[line 14]
M V EI: com.redis.riot.cli.common.ReplicateCommandContext.getTargetRedisClient() may expose internal representation by returning ReplicateCommandContext.targetRedisClient  At ReplicateCommandContext.java:[line 26]
M V EI2: new com.redis.riot.cli.common.ReplicateCommandContext(RedisURI, AbstractRedisClient, RedisURI, AbstractRedisClient) may expose internal representation by storing an externally mutable object into ReplicateCommandContext.targetRedisClient  At ReplicateCommandContext.java:[line 15]
M V EI: com.redis.riot.cli.common.GenerateOptions.getTypes() may expose internal representation by returning GenerateOptions.types  At GenerateOptions.java:[line 96]
M V EI2: com.redis.riot.cli.common.GenerateOptions.setTypes(List) may expose internal representation by storing an externally mutable object into GenerateOptions.types  At GenerateOptions.java:[line 220]
M V EI2: com.redis.riot.cli.common.AbstractExportCommand.setReaderOptions(RedisReaderOptions) may expose internal representation by storing an externally mutable object into AbstractExportCommand.readerOptions  At AbstractExportCommand.java:[line 23]
M V EI: com.redis.riot.cli.common.AbstractExportCommand.getReaderOptions() may expose internal representation by returning AbstractExportCommand.readerOptions  At AbstractExportCommand.java:[line 19]
M V EI2: com.redis.riot.cli.operation.TsAddOptions.setLabels(Map) may expose internal representation by storing an externally mutable object into TsAddOptions.labels  At TsAddOptions.java:[line 53]
M V EI: com.redis.riot.cli.operation.TsAddOptions.getLabels() may expose internal representation by returning TsAddOptions.labels  At TsAddOptions.java:[line 49]
M V EI2: com.redis.riot.cli.common.RiotStep.options(JobOptions) may expose internal representation by storing an externally mutable object into RiotStep.options  At RiotStep.java:[line 76]
M V EI2: new com.redis.riot.cli.common.RiotStep(StepBuilderFactory, ItemReader, ItemWriter) may expose internal representation by storing an externally mutable object into RiotStep.writer  At RiotStep.java:[line 62]
M V EI: com.redis.riot.cli.common.RiotStep.getWriter() may expose internal representation by returning RiotStep.writer  At RiotStep.java:[line 127]

> Task :riot-core:spotbugsMain
SLF4J: Failed to load class "org.slf4j.impl.StaticLoggerBinder".
SLF4J: Defaulting to no-operation (NOP) logger implementation
SLF4J: See http://www.slf4j.org/codes.html#StaticLoggerBinder for further details.
M V EI2: new com.redis.riot.core.processor.KeyValueProcessor(Expression, EvaluationContext) may expose internal representation by storing an externally mutable object into KeyValueProcessor.context  At KeyValueProcessor.java:[line 19]
M V EI2: new com.redis.riot.core.processor.KeyValueProcessor(Expression, EvaluationContext) may expose internal representation by storing an externally mutable object into KeyValueProcessor.expression  At KeyValueProcessor.java:[line 18]
M V EI2: new com.redis.riot.core.convert.MapToStringArrayConverter(Function[]) may expose internal representation by storing an externally mutable object into MapToStringArrayConverter.fieldConverters  At MapToStringArrayConverter.java:[line 11]
M V EI2: new com.redis.riot.core.processor.MapProcessor(Map) may expose internal representation by storing an externally mutable object into MapProcessor.extractors  At MapProcessor.java:[line 14]
M B CT: Exception thrown in class com.redis.riot.core.ItemReaderIterator at new com.redis.riot.core.ItemReaderIterator(ItemReader) will leave the constructor. The object under construction remains partially initialized and may be vulnerable to Finalizer attacks.  At ItemReaderIterator.java:[line 16]
M V EI2: new com.redis.riot.core.CompareStepExecutionListener(KeyComparisonCountItemWriter, Logger) may expose internal representation by storing an externally mutable object into CompareStepExecutionListener.writer  At CompareStepExecutionListener.java:[line 20]
M V EI2: new com.redis.riot.core.CompareStepExecutionListener(KeyComparisonCountItemWriter, Logger) may expose internal representation by storing an externally mutable object into CompareStepExecutionListener.log  At CompareStepExecutionListener.java:[line 21]
M V EI2: com.redis.riot.core.resource.XmlObjectReader.setMapper(XmlMapper) may expose internal representation by storing an externally mutable object into XmlObjectReader.mapper  At XmlObjectReader.java:[line 42]
M V EI: com.redis.riot.core.resource.OutputStreamResource.getOutputStream() may expose internal representation by returning OutputStreamResource.outStream  At OutputStreamResource.java:[line 25]
M V EI2: new com.redis.riot.core.resource.OutputStreamResource(OutputStream, String, String) may expose internal representation by storing an externally mutable object into OutputStreamResource.outStream  At OutputStreamResource.java:[line 18]
M V EI2: new com.redis.riot.core.convert.IdConverterBuilder$ConcatenatingConverter(String, List) may expose internal representation by storing an externally mutable object into IdConverterBuilder$ConcatenatingConverter.converters  At IdConverterBuilder.java:[line 75]
M V EI2: com.redis.riot.core.processor.CompositeItemStreamItemProcessor.setDelegates(List) may expose internal representation by storing an externally mutable object into CompositeItemStreamItemProcessor.delegates  At CompositeItemStreamItemProcessor.java:[line 46]
M V EI2: new com.redis.riot.core.ThrottledItemWriter(ItemWriter, Duration) may expose internal representation by storing an externally mutable object into ThrottledItemWriter.delegate  At ThrottledItemWriter.java:[line 27]
M V EI2: new com.redis.riot.core.resource.TransactionAwareBufferedWriter(WritableByteChannel, Runnable) may expose internal representation by storing an externally mutable object into TransactionAwareBufferedWriter.channel  At TransactionAwareBufferedWriter.java:[line 64]
M V EI2: new com.redis.riot.core.KeyComparisonDiffLogger(Logger) may expose internal representation by storing an externally mutable object into KeyComparisonDiffLogger.log  At KeyComparisonDiffLogger.java:[line 17]
M V EI2: new com.redis.riot.core.resource.XmlItemReader(Resource, XmlObjectReader) may expose internal representation by storing an externally mutable object into XmlItemReader.xmlObjectReader  At XmlItemReader.java:[line 52]
M V EI2: com.redis.riot.core.resource.XmlItemReader.setXmlObjectReader(XmlObjectReader) may expose internal representation by storing an externally mutable object into XmlItemReader.xmlObjectReader  At XmlItemReader.java:[line 62]
M V EI2: new com.redis.riot.core.convert.MapFilteringConverter(Set, Set) may expose internal representation by storing an externally mutable object into MapFilteringConverter.includes  At MapFilteringConverter.java:[line 21]
M V EI2: new com.redis.riot.core.convert.MapFilteringConverter(Set, Set) may expose internal representation by storing an externally mutable object into MapFilteringConverter.excludes  At MapFilteringConverter.java:[line 22]
M V EI2: com.redis.riot.core.resource.AbstractResourceItemWriter.setHeaderCallback(FlatFileHeaderCallback) may expose internal representation by storing an externally mutable object into AbstractResourceItemWriter.headerCallback  At AbstractResourceItemWriter.java:[line 187]
M V EI2: com.redis.riot.core.resource.AbstractResourceItemWriter.setFooterCallback(FlatFileFooterCallback) may expose internal representation by storing an externally mutable object into AbstractResourceItemWriter.footerCallback  At AbstractResourceItemWriter.java:[line 198]
M B CT: Exception thrown in class com.redis.riot.core.resource.UncustomizedUrlResource at new com.redis.riot.core.resource.UncustomizedUrlResource(URI) will leave the constructor. The object under construction remains partially initialized and may be vulnerable to Finalizer attacks.  At UncustomizedUrlResource.java:[line 19]
M B CT: Exception thrown in class com.redis.riot.core.resource.UncustomizedUrlResource at new com.redis.riot.core.resource.UncustomizedUrlResource(String) will leave the constructor. The object under construction remains partially initialized and may be vulnerable to Finalizer attacks.  At UncustomizedUrlResource.java:[line 15]
M V EI2: new com.redis.riot.core.convert.ObjectMapperConverter(ObjectWriter) may expose internal representation by storing an externally mutable object into ObjectMapperConverter.writer  At ObjectMapperConverter.java:[line 16]
M V EI2: com.redis.riot.core.resource.JsonResourceItemWriterBuilder.footerCallback(FlatFileFooterCallback) may expose internal representation by storing an externally mutable object into JsonResourceItemWriterBuilder.footerCallback  At JsonResourceItemWriterBuilder.java:[line 196]
M V EI2: com.redis.riot.core.resource.JsonResourceItemWriterBuilder.headerCallback(FlatFileHeaderCallback) may expose internal representation by storing an externally mutable object into JsonResourceItemWriterBuilder.headerCallback  At JsonResourceItemWriterBuilder.java:[line 183]
M V EI2: new com.redis.riot.core.processor.SpelProcessor(EvaluationContext, Map) may expose internal representation by storing an externally mutable object into SpelProcessor.expressions  At SpelProcessor.java:[line 23]
M V EI2: new com.redis.riot.core.processor.SpelProcessor(EvaluationContext, Map) may expose internal representation by storing an externally mutable object into SpelProcessor.context  At SpelProcessor.java:[line 22]
M V EI2: com.redis.riot.core.convert.RegexNamedGroupsExtractor.setNamedGroups(Set) may expose internal representation by storing an externally mutable object into RegexNamedGroupsExtractor.namedGroups  At RegexNamedGroupsExtractor.java:[line 29]
M V EI2: new com.redis.riot.core.convert.RegexNamedGroupsExtractor(Pattern, Set) may expose internal representation by storing an externally mutable object into RegexNamedGroupsExtractor.namedGroups  At RegexNamedGroupsExtractor.java:[line 21]
M V EI2: com.redis.riot.core.resource.XmlItemReaderBuilder.xmlObjectReader(XmlObjectReader) may expose internal representation by storing an externally mutable object into XmlItemReaderBuilder.xmlObjectReader  At XmlItemReaderBuilder.java:[line 32]
M D UC: Useless object stored in variable booleanTypes of method com.redis.riot.core.ReflectivePropertyAccessor.<static initializer for ReflectivePropertyAccessor>()  At ReflectivePropertyAccessor.java:[line 30]
M D NP: Possible null pointer dereference in com.redis.riot.core.FileUtils.expand(Path) due to return value of called method  Method invoked at FileUtils.java:[line 111]
M D NP: Possible null pointer dereference in com.redis.riot.core.FileUtils.expand(Path) due to return value of called method  Method invoked at FileUtils.java:[line 115]
M D NP: Possible null pointer dereference in com.redis.riot.core.FileUtils.expand(Path) due to return value of called method  Dereferenced at FileUtils.java:[line 115]
M V EI2: com.redis.riot.core.resource.FlatResourceItemWriterBuilder.headerCallback(FlatFileHeaderCallback) may expose internal representation by storing an externally mutable object into FlatResourceItemWriterBuilder.headerCallback  At FlatResourceItemWriterBuilder.java:[line 178]
M V EI2: com.redis.riot.core.resource.FlatResourceItemWriterBuilder.footerCallback(FlatFileFooterCallback) may expose internal representation by storing an externally mutable object into FlatResourceItemWriterBuilder.footerCallback  At FlatResourceItemWriterBuilder.java:[line 191]
M V EI2: com.redis.riot.core.processor.DataStructureToMapProcessor.setSet(CollectionToStringMapConverter) may expose internal representation by storing an externally mutable object into DataStructureToMapProcessor.set  At DataStructureToMapProcessor.java:[line 53]
M V EI2: com.redis.riot.core.processor.DataStructureToMapProcessor.setList(CollectionToStringMapConverter) may expose internal representation by storing an externally mutable object into DataStructureToMapProcessor.list  At DataStructureToMapProcessor.java:[line 49]
M V EI2: com.redis.riot.core.processor.DataStructureToMapProcessor.setStream(StreamToStringMapConverter) may expose internal representation by storing an externally mutable object into DataStructureToMapProcessor.stream  At DataStructureToMapProcessor.java:[line 45]
M V EI2: com.redis.riot.core.processor.DataStructureToMapProcessor.setZset(ZsetToStringMapConverter) may expose internal representation by storing an externally mutable object into DataStructureToMapProcessor.zset  At DataStructureToMapProcessor.java:[line 57]
M V EI2: com.redis.riot.core.resource.XmlResourceItemWriterBuilder.footerCallback(FlatFileFooterCallback) may expose internal representation by storing an externally mutable object into XmlResourceItemWriterBuilder.footerCallback  At XmlResourceItemWriterBuilder.java:[line 200]
M V EI2: com.redis.riot.core.resource.XmlResourceItemWriterBuilder.headerCallback(FlatFileHeaderCallback) may expose internal representation by storing an externally mutable object into XmlResourceItemWriterBuilder.headerCallback  At XmlResourceItemWriterBuilder.java:[line 187]
M P UrF: Unread field: com.redis.riot.core.ReflectivePropertyAccessor.lastReadInvokerPair  At ReflectivePropertyAccessor.java:[line 127]
M P UrF: Unread field: com.redis.riot.core.resource.AbstractResourceItemWriter$OutputState.shouldDeleteIfExists  At AbstractResourceItemWriter.java:[line 366]
SpotBugs ended with exit code 1

> Task :riot:spotbugsMain
M V EI2: com.redis.riot.cli.common.AbstractOperationImportCommand.setProcessorOptions(MapProcessorOptions) may expose internal representation by storing an externally mutable object into AbstractOperationImportCommand.processorOptions  At AbstractOperationImportCommand.java:[line 76]
M V EI: com.redis.riot.cli.common.AbstractOperationImportCommand.getProcessorOptions() may expose internal representation by returning AbstractOperationImportCommand.processorOptions  At AbstractOperationImportCommand.java:[line 72]
M V EI: com.redis.riot.cli.common.AbstractOperationImportCommand.getRedisCommands() may expose internal representation by returning AbstractOperationImportCommand.redisCommands  At AbstractOperationImportCommand.java:[line 64]
M V EI2: com.redis.riot.cli.common.AbstractOperationImportCommand.setRedisCommands(List) may expose internal representation by storing an externally mutable object into AbstractOperationImportCommand.redisCommands  At AbstractOperationImportCommand.java:[line 68]
M V EI: com.redis.riot.cli.Main.getLoggingOptions() may expose internal representation by returning Main.loggingOptions  At Main.java:[line 55]
M V EI: com.redis.riot.cli.Main.getRedisOptions() may expose internal representation by returning Main.redisOptions  At Main.java:[line 51]
H X LG: Changes to logger could be lost in com.redis.riot.cli.common.LoggingOptions.configureLoggers()  At LoggingOptions.java:[line 99]
H X LG: Changes to logger could be lost in com.redis.riot.cli.common.LoggingOptions.configureLoggers()  At LoggingOptions.java:[line 97]
H X LG: Changes to logger could be lost in com.redis.riot.cli.common.LoggingOptions.lambda$configureLoggers$0(String, Level)  At LoggingOptions.java:[line 103]
M V EI2: com.redis.riot.cli.FakerImport.setFakerImportOptions(FakerImportOptions) may expose internal representation by storing an externally mutable object into FakerImport.fakerImportOptions  At FakerImport.java:[line 34]
M V EI: com.redis.riot.cli.FakerImport.getFakerImportOptions() may expose internal representation by returning FakerImport.fakerImportOptions  At FakerImport.java:[line 30]
M V EI: com.redis.riot.cli.DbExport.getDbExportOptions() may expose internal representation by returning DbExport.dbExportOptions  At DbExport.java:[line 36]
M V EI2: com.redis.riot.cli.DbExport.setDbExportOptions(DbExportOptions) may expose internal representation by storing an externally mutable object into DbExport.dbExportOptions  At DbExport.java:[line 40]
M V EI: com.redis.riot.cli.DbImport.getDbImportOptions() may expose internal representation by returning DbImport.dbImportOptions  At DbImport.java:[line 34]
M V EI2: com.redis.riot.cli.DbImport.setDbImportOptions(DbImportOptions) may expose internal representation by storing an externally mutable object into DbImport.dbImportOptions  At DbImport.java:[line 38]
M V EI: com.redis.riot.cli.FileExport.getFileExportOptions() may expose internal representation by returning FileExport.fileExportOptions  At FileExport.java:[line 52]
M V EI2: com.redis.riot.cli.FileExport.setFileExportOptions(FileExportOptions) may expose internal representation by storing an externally mutable object into FileExport.fileExportOptions  At FileExport.java:[line 56]
M V EI2: com.redis.riot.cli.Generate.setGenerateOptions(GenerateOptions) may expose internal representation by storing an externally mutable object into Generate.generateOptions  At Generate.java:[line 26]
M V EI: com.redis.riot.cli.Generate.getGenerateOptions() may expose internal representation by returning Generate.generateOptions  At Generate.java:[line 22]
M V EI2: com.redis.riot.cli.operation.AbstractKeyCommand.setKeyOptions(KeyOptions) may expose internal representation by storing an externally mutable object into AbstractKeyCommand.keyOptions  At AbstractKeyCommand.java:[line 22]
M V EI: com.redis.riot.cli.operation.AbstractKeyCommand.getKeyOptions() may expose internal representation by returning AbstractKeyCommand.keyOptions  At AbstractKeyCommand.java:[line 18]
M V EI2: com.redis.riot.cli.file.FileOptions.setGcs(GcsOptions) may expose internal representation by storing an externally mutable object into FileOptions.gcs  At FileOptions.java:[line 77]
M V EI2: com.redis.riot.cli.file.FileOptions.setS3(S3Options) may expose internal representation by storing an externally mutable object into FileOptions.s3  At FileOptions.java:[line 69]
M V EI: com.redis.riot.cli.file.FileOptions.getGcs() may expose internal representation by returning FileOptions.gcs  At FileOptions.java:[line 73]
M V EI: com.redis.riot.cli.file.FileOptions.getS3() may expose internal representation by returning FileOptions.s3  At FileOptions.java:[line 65]
M V EI2: com.redis.riot.cli.common.AbstractCommand.setCommandSpec(CommandLine$Model$CommandSpec) may expose internal representation by storing an externally mutable object into AbstractCommand.commandSpec  At AbstractCommand.java:[line 113]
M V EI2: com.redis.riot.cli.common.AbstractCommand.setJobOptions(JobOptions) may expose internal representation by storing an externally mutable object into AbstractCommand.jobOptions  At AbstractCommand.java:[line 175]
M V EI: com.redis.riot.cli.common.AbstractCommand.getJobOptions() may expose internal representation by returning AbstractCommand.jobOptions  At AbstractCommand.java:[line 171]
M V EI: com.redis.riot.cli.operation.HsetCommand.getOptions() may expose internal representation by returning HsetCommand.options  At HsetCommand.java:[line 17]
M V EI2: com.redis.riot.cli.operation.HsetCommand.setOptions(FilteringOptions) may expose internal representation by storing an externally mutable object into HsetCommand.options  At HsetCommand.java:[line 21]
M V EI: com.redis.riot.cli.FileImport.getFlatFileOptions() may expose internal representation by returning FileImport.flatFileOptions  At FileImport.java:[line 108]
M V EI2: com.redis.riot.cli.FileImport.setFiles(List) may expose internal representation by storing an externally mutable object into FileImport.files  At FileImport.java:[line 88]
M V EI: com.redis.riot.cli.FileImport.getFiles() may expose internal representation by returning FileImport.files  At FileImport.java:[line 84]
M V EI: com.redis.riot.cli.FileImport.getFileOptions() may expose internal representation by returning FileImport.fileOptions  At FileImport.java:[line 100]
M V EI2: com.redis.riot.cli.FileImport.setFlatFileOptions(FlatFileOptions) may expose internal representation by storing an externally mutable object into FileImport.flatFileOptions  At FileImport.java:[line 112]
M V EI2: com.redis.riot.cli.FileImport.setFileOptions(FileOptions) may expose internal representation by storing an externally mutable object into FileImport.fileOptions  At FileImport.java:[line 104]
M V EI2: com.redis.riot.cli.operation.AbstractOperationCommand.setCommandOptions(RedisCommandOptions) may expose internal representation by storing an externally mutable object into AbstractOperationCommand.commandOptions  At AbstractOperationCommand.java:[line 28]
M V EI: com.redis.riot.cli.operation.AbstractOperationCommand.getCommandOptions() may expose internal representation by returning AbstractOperationCommand.commandOptions  At AbstractOperationCommand.java:[line 24]
M V EI2: com.redis.riot.cli.DumpImport.setDumpOptions(DumpOptions) may expose internal representation by storing an externally mutable object into DumpImport.dumpOptions  At DumpImport.java:[line 58]
M V EI2: com.redis.riot.cli.DumpImport.setFiles(List) may expose internal representation by storing an externally mutable object into DumpImport.files  At DumpImport.java:[line 50]
M V EI: com.redis.riot.cli.DumpImport.getDumpOptions() may expose internal representation by returning DumpImport.dumpOptions  At DumpImport.java:[line 54]
M V EI: com.redis.riot.cli.DumpImport.getFiles() may expose internal representation by returning DumpImport.files  At DumpImport.java:[line 46]
M V EI: com.redis.riot.cli.DumpImport.getFileOptions() may expose internal representation by returning DumpImport.fileOptions  At DumpImport.java:[line 62]
M V EI2: com.redis.riot.cli.DumpImport.setFileOptions(FileOptions) may expose internal representation by storing an externally mutable object into DumpImport.fileOptions  At DumpImport.java:[line 66]
M V EI2: com.redis.riot.cli.Replicate.setTargetRedisOptions(RedisOptions) may expose internal representation by storing an externally mutable object into Replicate.targetRedisOptions  At Replicate.java:[line 93]
M V EI2: com.redis.riot.cli.Replicate.setReplicateOptions(ReplicateOptions) may expose internal representation by storing an externally mutable object into Replicate.replicateOptions  At Replicate.java:[line 108]
M V EI: com.redis.riot.cli.Replicate.getReplicateOptions() may expose internal representation by returning Replicate.replicateOptions  At Replicate.java:[line 104]
M V EI: com.redis.riot.cli.Replicate.getTargetRedisOptions() may expose internal representation by returning Replicate.targetRedisOptions  At Replicate.java:[line 89]
M V EI2: com.redis.riot.cli.Replicate.setWriterOptions(RedisWriterOptions) may expose internal representation by storing an externally mutable object into Replicate.writerOptions  At Replicate.java:[line 116]
M V EI: com.redis.riot.cli.Replicate.getWriterOptions() may expose internal representation by returning Replicate.writerOptions  At Replicate.java:[line 112]
M P UrF: Unread field: com.redis.riot.cli.Main.helpOptions  At Main.java:[line 34]
M P UrF: Unread field: com.redis.riot.cli.operation.AbstractOperationCommand.helpOptions  At AbstractOperationCommand.java:[line 18]
M P UrF: Unread field: com.redis.riot.cli.operation.NoopCommand.helpOptions  At NoopCommand.java:[line 14]
SpotBugs ended with exit code 1